<?xml version="1.0" encoding="UTF-8"?>
<!-- Generated by org.testng.reporters.JUnitReportReporter -->
<testsuite hostname="DESKTOP-QJST469" failures="0" tests="3" name="com.openweather.testCases.TC_GetTempratureFromUIAndAPI" time="14.121" errors="0" timestamp="2021-12-27T22:48:09 IST" skipped="0">
  <testcase classname="com.openweather.testCases.TC_GetTempratureFromUIAndAPI" name="getTempratureFromAPI" time="1.210"/>
  <system-out/>
  <testcase classname="com.openweather.testCases.TC_GetTempratureFromUIAndAPI" name="compareTemprature" time="0.000"/>
  <system-out/>
  <testcase classname="com.openweather.testCases.TC_GetTempratureFromUIAndAPI" name="getTempratureFromUI" time="12.911"/>
  <system-out/>
</testsuite> <!-- com.openweather.testCases.TC_GetTempratureFromUIAndAPI -->
