<?xml version="1.0" encoding="UTF-8"?>
<!-- Generated by org.testng.reporters.JUnitReportReporter -->
<testsuite hostname="DESKTOP-QJST469" failures="0" tests="1" name="com.openweather.testCases.TC_VarianceLogic" time="49.301" errors="0" timestamp="2021-12-27T22:48:09 IST" skipped="0">
  <testcase classname="com.openweather.testCases.TC_VarianceLogic" name="varianceLogic" time="49.301"/>
  <system-out/>
</testsuite> <!-- com.openweather.testCases.TC_VarianceLogic -->
