<?xml version="1.0" encoding="UTF-8"?>
<!-- Generated by org.testng.reporters.JUnitReportReporter -->
<testsuite hostname="DESKTOP-QJST469" failures="0" tests="1" name="com.openweather.testCases.TC_VarianceLogic" time="44.926" errors="0" timestamp="2021-12-03T13:54:51 IST" skipped="0">
  <testcase classname="com.openweather.testCases.TC_VarianceLogic" name="varianceLogic" time="44.926"/>
  <system-out/>
</testsuite> <!-- com.openweather.testCases.TC_VarianceLogic -->
