<?xml version="1.0" encoding="UTF-8"?>
<!-- Generated by org.testng.reporters.JUnitReportReporter -->
<testsuite hostname="DESKTOP-QJST469" failures="0" tests="2" name="com.openweather.testCases.TC_GetTempratureFromUIAndAPI" time="12.753" errors="0" timestamp="02 Dec 2021 11:03:47 GMT" skipped="0">
  <testcase classname="com.openweather.testCases.TC_GetTempratureFromUIAndAPI" name="getTempratureFromUI" time="10.296"/>
  <testcase classname="com.openweather.testCases.TC_GetTempratureFromUIAndAPI" name="getTempratureFromAPI" time="2.457"/>
</testsuite> <!-- com.openweather.testCases.TC_GetTempratureFromUIAndAPI -->
