<?xml version="1.0" encoding="UTF-8"?>
<!-- Generated by org.testng.reporters.JUnitReportReporter -->
<testsuite hostname="DESKTOP-QJST469" failures="0" tests="1" name="RestAPI.GetCurrentWeather" time="2.977" errors="0" timestamp="2021-12-03T13:54:51 IST" skipped="0">
  <testcase classname="RestAPI.GetCurrentWeather" name="getCurrentWeather" time="2.977"/>
  <system-out/>
</testsuite> <!-- RestAPI.GetCurrentWeather -->
