<?xml version="1.0" encoding="UTF-8"?>
<!-- Generated by org.testng.reporters.JUnitReportReporter -->
<testsuite hostname="DESKTOP-QJST469" failures="0" tests="3" name="com.openweather.testCases.TC_GetTempratureFromUIAndAPI" time="11.863" errors="0" timestamp="2021-12-03T13:54:51 IST" skipped="0">
  <testcase classname="com.openweather.testCases.TC_GetTempratureFromUIAndAPI" name="compareTemprature" time="0.004"/>
  <system-out/>
  <testcase classname="com.openweather.testCases.TC_GetTempratureFromUIAndAPI" name="getTempratureFromUI" time="10.219"/>
  <system-out/>
  <testcase classname="com.openweather.testCases.TC_GetTempratureFromUIAndAPI" name="getTempratureFromAPI" time="1.640"/>
  <system-out/>
</testsuite> <!-- com.openweather.testCases.TC_GetTempratureFromUIAndAPI -->
