<?xml version="1.0" encoding="UTF-8"?>
<!-- Generated by org.testng.reporters.JUnitReportReporter -->
<testsuite hostname="DESKTOP-QJST469" failures="0" tests="1" name="RestAPI.GetCurrentWeather" time="2.436" errors="0" timestamp="02 Dec 2021 07:32:07 GMT" skipped="0">
  <testcase classname="RestAPI.GetCurrentWeather" name="getCurrentWeather" time="2.436"/>
</testsuite> <!-- RestAPI.GetCurrentWeather -->
