<?xml version="1.0" encoding="UTF-8"?>
<!-- Generated by org.testng.reporters.JUnitReportReporter -->
<testsuite hostname="DESKTOP-QJST469" failures="0" tests="1" name="com.openweather.testCases.TC_GetWeather" time="11.910" errors="0" timestamp="2021-12-27T22:48:09 IST" skipped="0">
  <testcase classname="com.openweather.testCases.TC_GetWeather" name="searchWeather" time="11.910"/>
  <system-out/>
</testsuite> <!-- com.openweather.testCases.TC_GetWeather -->
