<?xml version="1.0" encoding="UTF-8"?>
<!-- Generated by org.testng.reporters.JUnitReportReporter -->
<testsuite hostname="DESKTOP-QJST469" failures="0" tests="1" name="com.openweather.testCases.TC_HomeTest" time="10.265" errors="0" timestamp="01 Dec 2021 13:06:31 GMT" skipped="0">
  <testcase classname="com.openweather.testCases.TC_HomeTest" name="searchWeather" time="10.265"/>
</testsuite> <!-- com.openweather.testCases.TC_HomeTest -->
