<?xml version="1.0" encoding="UTF-8"?>
<!-- Generated by org.testng.reporters.JUnitReportReporter -->
<testsuite hostname="DESKTOP-QJST469" failures="0" tests="1" name="RestAPI.GetCurrentWeather" time="2.902" errors="0" timestamp="2021-12-27T22:48:09 IST" skipped="0">
  <testcase classname="RestAPI.GetCurrentWeather" name="getCurrentWeather" time="2.902"/>
  <system-out/>
</testsuite> <!-- RestAPI.GetCurrentWeather -->
